  main.cpp
C:\Augmented Reality\01_ARPacman_Main\ARPacman\ARPacman\DrawPrimitives.h(32,33): warning C4244: "Argument": Konvertierung von "double" in "GLfloat", möglicher Datenverlust
C:\Augmented Reality\01_ARPacman_Main\ARPacman\ARPacman\DrawPrimitives.h(32,26): warning C4244: "Argument": Konvertierung von "double" in "GLfloat", möglicher Datenverlust
C:\Augmented Reality\01_ARPacman_Main\ARPacman\ARPacman\DrawPrimitives.h(32,17): warning C4244: "Argument": Konvertierung von "double" in "GLfloat", möglicher Datenverlust
C:\Augmented Reality\01_ARPacman_Main\ARPacman\ARPacman\DrawPrimitives.h(33,33): warning C4244: "Argument": Konvertierung von "double" in "GLfloat", möglicher Datenverlust
C:\Augmented Reality\01_ARPacman_Main\ARPacman\ARPacman\DrawPrimitives.h(33,26): warning C4244: "Argument": Konvertierung von "double" in "GLfloat", möglicher Datenverlust
C:\Augmented Reality\01_ARPacman_Main\ARPacman\ARPacman\DrawPrimitives.h(33,17): warning C4244: "Argument": Konvertierung von "double" in "GLfloat", möglicher Datenverlust
C:\Augmented Reality\01_ARPacman_Main\ARPacman\ARPacman\DrawPrimitives.h(34,33): warning C4244: "Argument": Konvertierung von "double" in "GLfloat", möglicher Datenverlust
C:\Augmented Reality\01_ARPacman_Main\ARPacman\ARPacman\DrawPrimitives.h(34,26): warning C4244: "Argument": Konvertierung von "double" in "GLfloat", möglicher Datenverlust
C:\Augmented Reality\01_ARPacman_Main\ARPacman\ARPacman\DrawPrimitives.h(34,17): warning C4244: "Argument": Konvertierung von "double" in "GLfloat", möglicher Datenverlust
C:\Augmented Reality\01_ARPacman_Main\ARPacman\ARPacman\DrawPrimitives.h(35,33): warning C4244: "Argument": Konvertierung von "double" in "GLfloat", möglicher Datenverlust
C:\Augmented Reality\01_ARPacman_Main\ARPacman\ARPacman\DrawPrimitives.h(35,26): warning C4244: "Argument": Konvertierung von "double" in "GLfloat", möglicher Datenverlust
C:\Augmented Reality\01_ARPacman_Main\ARPacman\ARPacman\DrawPrimitives.h(35,17): warning C4244: "Argument": Konvertierung von "double" in "GLfloat", möglicher Datenverlust
C:\Augmented Reality\01_ARPacman_Main\ARPacman\ARPacman\DrawPrimitives.h(47,19): warning C4244: "Argument": Konvertierung von "GLdouble" in "GLfloat", möglicher Datenverlust
C:\Augmented Reality\01_ARPacman_Main\ARPacman\ARPacman\DrawPrimitives.h(49,60): warning C4244: "Argument": Konvertierung von "double" in "GLfloat", möglicher Datenverlust
C:\Augmented Reality\01_ARPacman_Main\ARPacman\ARPacman\DrawPrimitives.h(49,33): warning C4244: "Argument": Konvertierung von "double" in "GLfloat", möglicher Datenverlust
C:\Augmented Reality\01_ARPacman_Main\ARPacman\ARPacman\DrawPrimitives.h(59,60): warning C4244: "Argument": Konvertierung von "double" in "GLfloat", möglicher Datenverlust
C:\Augmented Reality\01_ARPacman_Main\ARPacman\ARPacman\DrawPrimitives.h(59,33): warning C4244: "Argument": Konvertierung von "double" in "GLfloat", möglicher Datenverlust
C:\Program Files (x86)\Windows Kits\10\Include\10.0.19041.0\ucrt\corecrt_math_defines.h(28,1): warning C4005: "M_PI": Makro-Neudefinition
C:\Augmented Reality\01_ARPacman_Main\ARPacman\ARPacman\DrawPrimitives.h(11): message : Siehe vorherige Definition von "M_PI"
C:\Augmented Reality\01_ARPacman_Main\ARPacman\ARPacman\MarkerTracker.h(6,19): warning C4099: "CvMemStorage": Geben Sie den zuerst unter Verwendung von "struct" und jetzt unter Verwendung von "class" gesehenen Namen ein
C:\opencv\build\include\opencv2\core\types_c.h(1493): message : Siehe Deklaration von "CvMemStorage"
C:\Augmented Reality\01_ARPacman_Main\ARPacman\ARPacman\main.cpp(81,15): warning C4244: "Initialisierung": Konvertierung von "double" in "float", möglicher Datenverlust
C:\Augmented Reality\01_ARPacman_Main\ARPacman\ARPacman\main.cpp(97,36): warning C4305: "Argument": Verkürzung von "double" in "GLclampf"
C:\Augmented Reality\01_ARPacman_Main\ARPacman\ARPacman\main.cpp(111,48): warning C4305: "Initialisierung": Verkürzung von "double" in "GLfloat"
C:\Augmented Reality\01_ARPacman_Main\ARPacman\ARPacman\main.cpp(116,48): warning C4305: "Initialisierung": Verkürzung von "double" in "GLfloat"
C:\Augmented Reality\01_ARPacman_Main\ARPacman\ARPacman\main.cpp(193,40): warning C4305: "Argument": Verkürzung von "double" in "GLfloat"
C:\Augmented Reality\01_ARPacman_Main\ARPacman\ARPacman\main.cpp(228,55): warning C4305: "Argument": Verkürzung von "double" in "GLfloat"
C:\Augmented Reality\01_ARPacman_Main\ARPacman\ARPacman\main.cpp(730,18): warning C4244: "Initialisierung": Konvertierung von "float" in "int", möglicher Datenverlust
C:\Augmented Reality\01_ARPacman_Main\ARPacman\ARPacman\main.cpp(897,30): warning C4305: "Argument": Verkürzung von "double" in "GLfloat"
C:\Augmented Reality\01_ARPacman_Main\ARPacman\ARPacman\main.cpp(1032,58): warning C4244: "=": Konvertierung von "double" in "float", möglicher Datenverlust
C:\Augmented Reality\01_ARPacman_Main\ARPacman\ARPacman\main.cpp(1049,55): warning C4244: "=": Konvertierung von "double" in "float", möglicher Datenverlust
C:\Augmented Reality\01_ARPacman_Main\ARPacman\ARPacman\main.cpp(1000,11): warning C4101: "distance": Unreferenzierte lokale Variable
C:\Augmented Reality\01_ARPacman_Main\ARPacman\ARPacman\main.cpp(1044,19): warning C4101: "dist2": Unreferenzierte lokale Variable
C:\Augmented Reality\01_ARPacman_Main\ARPacman\ARPacman\main.cpp(1027,19): warning C4101: "dist1": Unreferenzierte lokale Variable
  ARPacman.vcxproj -> C:\Augmented Reality\01_ARPacman_Main\ARPacman\ARPacman\x64\Debug\ARPacman.exe
